<?xml version="1.0" encoding="UTF-8"?>
<testng-results skipped="0" failed="0" ignored="0" total="1" passed="1">
  <reporter-output>
  </reporter-output>
  <suite name="Default suite" duration-ms="23241" started-at="2020-08-27T21:37:35 IST" finished-at="2020-08-27T21:37:58 IST">
    <groups>
    </groups>
    <test name="Default test" duration-ms="23241" started-at="2020-08-27T21:37:35 IST" finished-at="2020-08-27T21:37:58 IST">
      <class name="TestTabsPopups">
        <test-method status="PASS" signature="test()[pri:0, instance:TestTabsPopups@69a3d1d]" name="test" duration-ms="23201" started-at="2020-08-27T21:37:35 IST" finished-at="2020-08-27T21:37:58 IST">
          <reporter-output>
          </reporter-output>
        </test-method> <!-- test -->
      </class> <!-- TestTabsPopups -->
    </test> <!-- Default test -->
  </suite> <!-- Default suite -->
</testng-results>
